{"/home/laoqiren/桌面/workspace/excel-class/index.js":{"path":"/home/laoqiren/桌面/workspace/excel-class/index.js","s":{"1":1,"2":1,"3":9,"4":10,"5":6,"6":6,"7":1,"8":5,"9":5,"10":0,"11":3,"12":3,"13":3,"14":15,"15":6,"16":9,"17":3,"18":2,"19":2,"20":0,"21":2,"22":1,"23":1,"24":1,"25":0,"26":0,"27":0,"28":4,"29":12,"30":12,"31":4,"32":8,"33":24,"34":4,"35":24,"36":4,"37":4,"38":4,"39":4,"40":4,"41":4,"42":4,"43":4,"44":4,"45":0,"46":4,"47":4,"48":0,"49":0,"50":0,"51":4,"52":4,"53":1,"54":1,"55":1,"56":1,"57":1,"58":1,"59":1},"b":{"1":[1,5],"2":[5,0],"3":[6,9],"4":[0,2],"5":[1,0],"6":[0,0],"7":[4,0],"8":[4,4],"9":[0,0]},"f":{"1":9,"2":10,"3":6,"4":3,"5":2,"6":1,"7":4,"8":4,"9":1,"10":1},"fnMap":{"1":{"name":"(anonymous_1)","line":4,"loc":{"start":{"line":4,"column":15},"end":{"line":4,"column":21}}},"2":{"name":"(anonymous_2)","line":7,"loc":{"start":{"line":7,"column":12},"end":{"line":7,"column":14}}},"3":{"name":"(anonymous_3)","line":10,"loc":{"start":{"line":10,"column":13},"end":{"line":10,"column":20}}},"4":{"name":"(anonymous_4)","line":20,"loc":{"start":{"line":20,"column":12},"end":{"line":20,"column":19}}},"5":{"name":"(anonymous_5)","line":31,"loc":{"start":{"line":31,"column":11},"end":{"line":31,"column":22}}},"6":{"name":"(anonymous_6)","line":38,"loc":{"start":{"line":38,"column":12},"end":{"line":38,"column":36}}},"7":{"name":"(anonymous_7)","line":48,"loc":{"start":{"line":48,"column":14},"end":{"line":48,"column":34}}},"8":{"name":"(anonymous_8)","line":75,"loc":{"start":{"line":75,"column":14},"end":{"line":75,"column":38}}},"9":{"name":"(anonymous_9)","line":110,"loc":{"start":{"line":110,"column":12},"end":{"line":110,"column":28}}},"10":{"name":"(anonymous_10)","line":116,"loc":{"start":{"line":116,"column":13},"end":{"line":116,"column":36}}}},"statementMap":{"1":{"start":{"line":1,"column":0},"end":{"line":1,"column":29}},"2":{"start":{"line":2,"column":0},"end":{"line":2,"column":25}},"3":{"start":{"line":5,"column":8},"end":{"line":5,"column":26}},"4":{"start":{"line":8,"column":8},"end":{"line":8,"column":41}},"5":{"start":{"line":11,"column":8},"end":{"line":11,"column":36}},"6":{"start":{"line":12,"column":8},"end":{"line":18,"column":9}},"7":{"start":{"line":13,"column":12},"end":{"line":13,"column":83}},"8":{"start":{"line":14,"column":15},"end":{"line":18,"column":9}},"9":{"start":{"line":15,"column":12},"end":{"line":15,"column":65}},"10":{"start":{"line":17,"column":12},"end":{"line":17,"column":24}},"11":{"start":{"line":21,"column":8},"end":{"line":23,"column":25}},"12":{"start":{"line":24,"column":8},"end":{"line":24,"column":24}},"13":{"start":{"line":25,"column":8},"end":{"line":28,"column":9}},"14":{"start":{"line":26,"column":12},"end":{"line":26,"column":38}},"15":{"start":{"line":26,"column":29},"end":{"line":26,"column":38}},"16":{"start":{"line":27,"column":12},"end":{"line":27,"column":40}},"17":{"start":{"line":29,"column":8},"end":{"line":29,"column":22}},"18":{"start":{"line":32,"column":8},"end":{"line":32,"column":41}},"19":{"start":{"line":33,"column":8},"end":{"line":35,"column":9}},"20":{"start":{"line":34,"column":12},"end":{"line":34,"column":40}},"21":{"start":{"line":36,"column":8},"end":{"line":36,"column":27}},"22":{"start":{"line":39,"column":8},"end":{"line":39,"column":48}},"23":{"start":{"line":40,"column":8},"end":{"line":46,"column":9}},"24":{"start":{"line":41,"column":12},"end":{"line":41,"column":54}},"25":{"start":{"line":42,"column":15},"end":{"line":46,"column":9}},"26":{"start":{"line":43,"column":12},"end":{"line":43,"column":30}},"27":{"start":{"line":45,"column":12},"end":{"line":45,"column":29}},"28":{"start":{"line":49,"column":8},"end":{"line":54,"column":83}},"29":{"start":{"line":50,"column":12},"end":{"line":53,"column":14}},"30":{"start":{"line":54,"column":29},"end":{"line":54,"column":79}},"31":{"start":{"line":55,"column":8},"end":{"line":67,"column":18}},"32":{"start":{"line":57,"column":16},"end":{"line":62,"column":18}},"33":{"start":{"line":58,"column":20},"end":{"line":61,"column":22}},"34":{"start":{"line":64,"column":32},"end":{"line":64,"column":48}},"35":{"start":{"line":65,"column":32},"end":{"line":67,"column":14}},"36":{"start":{"line":68,"column":8},"end":{"line":70,"column":51}},"37":{"start":{"line":72,"column":8},"end":{"line":72,"column":49}},"38":{"start":{"line":77,"column":8},"end":{"line":77,"column":21}},"39":{"start":{"line":78,"column":8},"end":{"line":108,"column":10}},"40":{"start":{"line":79,"column":12},"end":{"line":107,"column":15}},"41":{"start":{"line":80,"column":16},"end":{"line":96,"column":17}},"42":{"start":{"line":81,"column":20},"end":{"line":81,"column":48}},"43":{"start":{"line":82,"column":20},"end":{"line":82,"column":53}},"44":{"start":{"line":83,"column":20},"end":{"line":88,"column":21}},"45":{"start":{"line":90,"column":20},"end":{"line":95,"column":21}},"46":{"start":{"line":97,"column":16},"end":{"line":104,"column":17}},"47":{"start":{"line":98,"column":20},"end":{"line":98,"column":55}},"48":{"start":{"line":100,"column":20},"end":{"line":103,"column":21}},"49":{"start":{"line":101,"column":24},"end":{"line":101,"column":42}},"50":{"start":{"line":102,"column":24},"end":{"line":102,"column":33}},"51":{"start":{"line":105,"column":16},"end":{"line":105,"column":26}},"52":{"start":{"line":106,"column":16},"end":{"line":106,"column":43}},"53":{"start":{"line":111,"column":8},"end":{"line":112,"column":43}},"54":{"start":{"line":113,"column":8},"end":{"line":113,"column":30}},"55":{"start":{"line":114,"column":8},"end":{"line":114,"column":54}},"56":{"start":{"line":117,"column":8},"end":{"line":118,"column":43}},"57":{"start":{"line":119,"column":8},"end":{"line":119,"column":38}},"58":{"start":{"line":120,"column":8},"end":{"line":120,"column":54}},"59":{"start":{"line":124,"column":0},"end":{"line":124,"column":23}}},"branchMap":{"1":{"line":12,"type":"if","locations":[{"start":{"line":12,"column":8},"end":{"line":12,"column":8}},{"start":{"line":12,"column":8},"end":{"line":12,"column":8}}]},"2":{"line":14,"type":"if","locations":[{"start":{"line":14,"column":15},"end":{"line":14,"column":15}},{"start":{"line":14,"column":15},"end":{"line":14,"column":15}}]},"3":{"line":26,"type":"if","locations":[{"start":{"line":26,"column":12},"end":{"line":26,"column":12}},{"start":{"line":26,"column":12},"end":{"line":26,"column":12}}]},"4":{"line":33,"type":"if","locations":[{"start":{"line":33,"column":8},"end":{"line":33,"column":8}},{"start":{"line":33,"column":8},"end":{"line":33,"column":8}}]},"5":{"line":40,"type":"if","locations":[{"start":{"line":40,"column":8},"end":{"line":40,"column":8}},{"start":{"line":40,"column":8},"end":{"line":40,"column":8}}]},"6":{"line":42,"type":"if","locations":[{"start":{"line":42,"column":15},"end":{"line":42,"column":15}},{"start":{"line":42,"column":15},"end":{"line":42,"column":15}}]},"7":{"line":80,"type":"if","locations":[{"start":{"line":80,"column":16},"end":{"line":80,"column":16}},{"start":{"line":80,"column":16},"end":{"line":80,"column":16}}]},"8":{"line":80,"type":"binary-expr","locations":[{"start":{"line":80,"column":19},"end":{"line":80,"column":23}},{"start":{"line":80,"column":27},"end":{"line":80,"column":40}}]},"9":{"line":100,"type":"if","locations":[{"start":{"line":100,"column":20},"end":{"line":100,"column":20}},{"start":{"line":100,"column":20},"end":{"line":100,"column":20}}]}}}}