TN:
SF:/home/laoqiren/桌面/workspace/excel-class/index.js
FN:4,(anonymous_1)
FN:7,(anonymous_2)
FN:10,(anonymous_3)
FN:20,(anonymous_4)
FN:31,(anonymous_5)
FN:38,(anonymous_6)
FN:48,(anonymous_7)
FN:75,(anonymous_8)
FN:110,(anonymous_9)
FN:116,(anonymous_10)
FNF:10
FNH:10
FNDA:9,(anonymous_1)
FNDA:10,(anonymous_2)
FNDA:6,(anonymous_3)
FNDA:3,(anonymous_4)
FNDA:2,(anonymous_5)
FNDA:1,(anonymous_6)
FNDA:4,(anonymous_7)
FNDA:4,(anonymous_8)
FNDA:1,(anonymous_9)
FNDA:1,(anonymous_10)
DA:1,1
DA:2,1
DA:5,9
DA:8,10
DA:11,6
DA:12,6
DA:13,1
DA:14,5
DA:15,5
DA:17,0
DA:21,3
DA:24,3
DA:25,3
DA:26,15
DA:27,9
DA:29,3
DA:32,2
DA:33,2
DA:34,0
DA:36,2
DA:39,1
DA:40,1
DA:41,1
DA:42,0
DA:43,0
DA:45,0
DA:49,4
DA:50,12
DA:54,12
DA:55,4
DA:57,8
DA:58,24
DA:64,4
DA:65,24
DA:68,4
DA:72,4
DA:77,4
DA:78,4
DA:79,4
DA:80,4
DA:81,4
DA:82,4
DA:83,4
DA:90,0
DA:97,4
DA:98,4
DA:100,0
DA:101,0
DA:102,0
DA:105,4
DA:106,4
DA:111,1
DA:113,1
DA:114,1
DA:117,1
DA:119,1
DA:120,1
DA:124,1
LF:58
LH:49
BRDA:12,1,0,1
BRDA:12,1,1,5
BRDA:14,2,0,5
BRDA:14,2,1,0
BRDA:26,3,0,6
BRDA:26,3,1,9
BRDA:33,4,0,0
BRDA:33,4,1,2
BRDA:40,5,0,1
BRDA:40,5,1,0
BRDA:42,6,0,0
BRDA:42,6,1,0
BRDA:80,7,0,4
BRDA:80,7,1,0
BRDA:80,8,0,4
BRDA:80,8,1,4
BRDA:100,9,0,0
BRDA:100,9,1,0
BRF:18
BRH:10
end_of_record
